[188.216924667] 2018-06-02 00:31:47,580 - INFO - launcher: Starting sanity checks
[189.215421677] 2018-06-02 00:31:47,581 - INFO - launcher: Checking for python 3.5+
[192.218065262] 2018-06-02 00:31:47,584 - INFO - launcher: Checking console encoding
[192.718029022] 2018-06-02 00:31:47,585 - INFO - launcher: Setting console encoding to UTF-8
[193.240165710] 2018-06-02 00:31:47,585 - INFO - launcher: Ensuring we're in the right folder
[195.720672607] 2018-06-02 00:31:47,588 - INFO - launcher: Adding local bins/ folder to path
[197.722673416] 2018-06-02 00:31:47,590 - INFO - launcher: Checks passed.
[199.724674225] 2018-06-02 00:31:47,592 - INFO - launcher: Moving old musicbot log

######################### PRE-RUN SANITY CHECKS PASSED #########################

[3.4474961757659912] 2018-06-02 00:31:50,840 - DEBUG - musicbot.bot | In bot.py::MainThread(12160), line 203 in _setup_logging: Set logging level to INFO
[3.4474961757659912] 2018-06-02 00:31:50,840 - INFO - musicbot.bot | In bot.py::MainThread(12160), line 76 in __init__: Loaded autoplaylist with 2531 entries
[3.463154554] launcher-INFO: Connecting
[5.9166467189788818] 2018-06-02 00:31:53,309 - DEBUG - musicbot.bot | In bot.py::MainThread(12160), line 993 in on_ready: Connection established, ready to go.
[5.9166467189788818] 2018-06-02 00:31:53,309 - DEBUG - musicbot.bot | In bot.py::MainThread(12160), line 314 in _cache_app_info: Caching app info
[5.9635241031646729] 2018-06-02 00:31:53,356 - DEBUG - musicbot.bot | In bot.py::MainThread(12160), line 810 in _scheck_ensure_env: Ensuring data folders exist
[6.0103883743286133] 2018-06-02 00:31:53,403 - DEBUG - musicbot.bot | In bot.py::MainThread(12160), line 826 in _scheck_server_permissions: Checking server permissions
[6.0103883743286133] 2018-06-02 00:31:53,403 - DEBUG - musicbot.bot | In bot.py::MainThread(12160), line 830 in _scheck_autoplaylist: Auditing autoplaylist
[6.0103883743286133] 2018-06-02 00:31:53,403 - DEBUG - musicbot.bot | In bot.py::MainThread(12160), line 834 in _scheck_configs: Validating config
[6.0103883743286133] 2018-06-02 00:31:53,403 - DEBUG - musicbot.config | In config.py::MainThread(12160), line 175 in async_validate: Validating options...
[6.0103883743286133] 2018-06-02 00:31:53,403 - DEBUG - musicbot.bot | In bot.py::MainThread(12160), line 837 in _scheck_configs: Validating permissions config
[6.0103883743286133] 2018-06-02 00:31:53,403 - DEBUG - musicbot.permissions | In permissions.py::MainThread(12160), line 59 in async_validate: Validating permissions...
[6.0103883743286133] 2018-06-02 00:31:53,403 - INFO - musicbot.bot | In bot.py::MainThread(12160), line 1004 in on_ready: Connected!  Musicbot v1.9.6

[6.0103883743286133] 2018-06-02 00:31:53,403 - INFO - musicbot.bot | In bot.py::MainThread(12160), line 1014 in on_ready: Bot:   394279518904516609/A̸͗̄l̴͛̐v̴̒͗i̷̎͠n̴̈́͝#1312 [BOT]
[6.0260417461395264] 2018-06-02 00:31:53,418 - INFO - musicbot.bot | In bot.py::MainThread(12160), line 1022 in on_ready: Owner: 223196668936323072/Shib#6894

[6.0260417461395264] 2018-06-02 00:31:53,418 - INFO - musicbot.bot | In bot.py::MainThread(12160), line 1025 in on_ready: Server List:
[6.0260417461395264] 2018-06-02 00:31:53,418 - INFO - musicbot.bot | In bot.py::MainThread(12160), line 1026 in <listcomp>:  - Gud timez™
[6.0260417461395264] 2018-06-02 00:31:53,418 - INFO - musicbot.bot | In bot.py::MainThread(12160), line 1026 in <listcomp>:  - USSC
[6.0260417461395264] 2018-06-02 00:31:53,418 - INFO - musicbot.bot | In bot.py::MainThread(12160), line 1026 in <listcomp>:  - Snowy Forest
[6.0260417461395264] 2018-06-02 00:31:53,418 - INFO - musicbot.bot | In bot.py::MainThread(12160), line 1070 in on_ready: Not bound to any text channels
[6.0260417461395264] 2018-06-02 00:31:53,418 - INFO - musicbot.bot | In bot.py::MainThread(12160), line 1096 in on_ready: Not autojoining any voice channels
[6.0260417461395264] 2018-06-02 00:31:53,418 - INFO - musicbot.bot | In bot.py::MainThread(12160), line 1100 in on_ready: Options:
[6.0416321754455566] 2018-06-02 00:31:53,434 - INFO - musicbot.bot | In bot.py::MainThread(12160), line 1102 in on_ready:   Command prefix: >
[6.0416321754455566] 2018-06-02 00:31:53,434 - INFO - musicbot.bot | In bot.py::MainThread(12160), line 1103 in on_ready:   Default volume: 25%
[6.0416321754455566] 2018-06-02 00:31:53,434 - INFO - musicbot.bot | In bot.py::MainThread(12160), line 1105 in on_ready:   Skip threshold: 1 votes or 0%
[6.0416321754455566] 2018-06-02 00:31:53,434 - INFO - musicbot.bot | In bot.py::MainThread(12160), line 1106 in on_ready:   Now Playing @mentions: Disabled
[6.0416321754455566] 2018-06-02 00:31:53,434 - INFO - musicbot.bot | In bot.py::MainThread(12160), line 1107 in on_ready:   Auto-Summon: Disabled
[6.0416321754455566] 2018-06-02 00:31:53,434 - INFO - musicbot.bot | In bot.py::MainThread(12160), line 1108 in on_ready:   Auto-Playlist: Disabled
[6.0416321754455566] 2018-06-02 00:31:53,434 - INFO - musicbot.bot | In bot.py::MainThread(12160), line 1109 in on_ready:   Auto-Pause: Enabled
[6.0416321754455566] 2018-06-02 00:31:53,434 - INFO - musicbot.bot | In bot.py::MainThread(12160), line 1110 in on_ready:   Delete Messages: Enabled
[6.0416321754455566] 2018-06-02 00:31:53,434 - INFO - musicbot.bot | In bot.py::MainThread(12160), line 1112 in on_ready:     Delete Invoking: Disabled
[6.0416321754455566] 2018-06-02 00:31:53,434 - INFO - musicbot.bot | In bot.py::MainThread(12160), line 1113 in on_ready:   Debug Mode: Disabled
[6.0416321754455566] 2018-06-02 00:31:53,434 - INFO - musicbot.bot | In bot.py::MainThread(12160), line 1114 in on_ready:   Downloaded songs will be saved
[5495.0059967041015625] 2018-06-02 02:03:22,398 - VOICEDEBUG - musicbot.bot | In bot.py::MainThread(12160), line 2528 in on_voice_state_update: Voice state update for 223196668936323072/Shib#6894 on Gud timez™/Gud Timez Central -> [CONNECT]
[5533.9300088882446289] 2018-06-02 02:04:01,322 - VOICEDEBUG - musicbot.bot | In bot.py::MainThread(12160), line 2528 in on_voice_state_update: Voice state update for 223196668936323072/Shib#6894 on Gud timez™/Gud Timez Central -> [DISCONNECT]
